  CameraClass.cpp
  D3DClass.cpp
  framework.cpp
  GraphicsClass.cpp
F:\DX\Solar_system\Solar_System\GraphicsClass.cpp(59,5): error C2664:  'bool ModelClass::Initialize(ID3D11Device *,ID3D11DeviceContext *,char *)': 인수 3을(를) 'const char [16]'에서 'char *'(으)로 변환할 수 없습니다.
F:\DX\Solar_system\Solar_System\GraphicsClass.cpp(59,84): message :  문자열 리터럴로부터의 변환은 const 한정자가 손실됩니다(/Zc:strictStrings 참조).
F:\DX\Solar_system\Solar_System\GraphicsClass.cpp(73,5): error C2664:  'bool ModelClass::Initialize(ID3D11Device *,ID3D11DeviceContext *,char *)': 인수 3을(를) 'const char [13]'에서 'char *'(으)로 변환할 수 없습니다.
  InputClass.cpp
  ModelClass.cpp
  PlanetListClass.cpp
F:\DX\Solar_system\Solar_System\GraphicsClass.cpp(73,82): message :  문자열 리터럴로부터의 변환은 const 한정자가 손실됩니다(/Zc:strictStrings 참조).
F:\DX\Solar_system\Solar_System\PlanetListClass.cpp(68,21): warning C4305:  '=': 'double'에서 'float'(으)로 잘립니다.
  PositionClass.cpp
  PositionClass.h
  Solar_System.cpp
  SystemClass.cpp
F:\DX\Solar_system\Solar_System\PlanetListClass.cpp(75,21): warning C4305:  '=': 'double'에서 'float'(으)로 잘립니다.
  TextureClass.cpp
  TextureShaderClass.cpp
F:\DX\Solar_system\Solar_System\SystemClass.cpp(159,2): warning C4065:  switch문에 'default'가 있으나 'case' 레이블이 없습니다.
F:\DX\Solar_system\Solar_System\TextureShaderClass.cpp(23,68): error C2664:  'bool TextureShaderClass::InitializeShader(ID3D11Device *,HWND,WCHAR *,WCHAR *)': 인수 3을(를) 'const wchar_t [11]'에서 'WCHAR *'(으)로 변환할 수 없습니다.
F:\DX\Solar_system\Solar_System\TextureShaderClass.cpp(23,40): message :  문자열 리터럴로부터의 변환은 const 한정자가 손실됩니다(/Zc:strictStrings 참조).
