f:\dx\solar_system\solar_system\x64\debug\vc142.pdb
f:\dx\solar_system\solar_system\x64\debug\vc142.idb
f:\dx\solar_system\solar_system\x64\debug\planetlistclass.obj
f:\dx\solar_system\solar_system\x64\debug\modelclass.obj
f:\dx\solar_system\solar_system\x64\debug\inputclass.obj
f:\dx\solar_system\solar_system\x64\debug\graphicsclass.obj
f:\dx\solar_system\solar_system\x64\debug\systemclass.obj
f:\dx\solar_system\solar_system\x64\debug\positionclass.obj
f:\dx\solar_system\solar_system\x64\debug\textureclass.obj
f:\dx\solar_system\solar_system\x64\debug\textureshaderclass.obj
f:\dx\solar_system\solar_system\x64\debug\solar_system.obj
f:\dx\solar_system\solar_system\x64\debug\framework.obj
f:\dx\solar_system\solar_system\x64\debug\d3dclass.obj
f:\dx\solar_system\solar_system\x64\debug\cameraclass.obj
f:\dx\solar_system\x64\debug\solar_system.exe
f:\dx\solar_system\x64\debug\solar_system.ilk
f:\dx\solar_system\x64\debug\solar_system.pdb
f:\dx\solar_system\solar_system\x64\debug\solar_system.res
f:\dx\solar_system\solar_system\x64\debug\solar_system.tlog\cl.command.1.tlog
f:\dx\solar_system\solar_system\x64\debug\solar_system.tlog\cl.read.1.tlog
f:\dx\solar_system\solar_system\x64\debug\solar_system.tlog\cl.write.1.tlog
f:\dx\solar_system\solar_system\x64\debug\solar_system.tlog\link.command.1.tlog
f:\dx\solar_system\solar_system\x64\debug\solar_system.tlog\link.read.1.tlog
f:\dx\solar_system\solar_system\x64\debug\solar_system.tlog\link.write.1.tlog
f:\dx\solar_system\solar_system\x64\debug\solar_system.tlog\rc.command.1.tlog
f:\dx\solar_system\solar_system\x64\debug\solar_system.tlog\rc.read.1.tlog
f:\dx\solar_system\solar_system\x64\debug\solar_system.tlog\rc.write.1.tlog
